
*** Running vivado
    with args -log control_unit.vds -m64 -product Vivado -mode batch -messageDb vivado.pb -notrace -source control_unit.tcl


****** Vivado v2023.1 (64-bit)
  **** SW Build 3865809 on Sun May  7 15:04:56 MDT 2023
  **** IP Build 3864474 on Sun May  7 20:36:21 MDT 2023
  **** SharedData Build 3865790 on Sun May 07 13:33:03 MDT 2023
    ** Copyright 1986-2022 Xilinx, Inc. All Rights Reserved.
    ** Copyright 2022-2023 Advanced Micro Devices, Inc. All Rights Reserved.

source control_unit.tcl -notrace
Command: read_checkpoint -auto_incremental -incremental /home/heinecantor/Desktop/git/ASDi-Homeworks/Homework_1/Excercise_1/Vivado/Mux_16_1/Mux_16_1.srcs/utils_1/imports/synth_1/demux_1_4_tb.dcp
INFO: [Vivado 12-5825] Read reference checkpoint from /home/heinecantor/Desktop/git/ASDi-Homeworks/Homework_1/Excercise_1/Vivado/Mux_16_1/Mux_16_1.srcs/utils_1/imports/synth_1/demux_1_4_tb.dcp for incremental synthesis
INFO: [Vivado 12-7989] Please ensure there are no constraint changes
Command: synth_design -top control_unit -part xc7a100tcsg324-1
Starting synth_design
Attempting to get a license for feature 'Synthesis' and/or device 'xc7a100t'
INFO: [Common 17-349] Got license for feature 'Synthesis' and/or device 'xc7a100t'
INFO: [Device 21-403] Loading part xc7a100tcsg324-1
INFO: [Designutils 20-5440] No compile time benefit to using incremental synthesis; A full resynthesis will be run
INFO: [Designutils 20-4379] Flow is switching to default flow due to incremental criteria not met. If you would like to alter this behaviour and have the flow terminate instead, please set the following parameter config_implementation {autoIncr.Synth.RejectBehavior Terminate}
INFO: [Synth 8-7079] Multithreading enabled for synth_design using a maximum of 4 processes.
INFO: [Synth 8-7078] Launching helper process for spawning children vivado processes
INFO: [Synth 8-7075] Helper process launched with PID 42988
---------------------------------------------------------------------------------
Starting RTL Elaboration : Time (s): cpu = 00:00:02 ; elapsed = 00:00:02 . Memory (MB): peak = 2019.691 ; gain = 377.801 ; free physical = 1198 ; free virtual = 6551
---------------------------------------------------------------------------------
INFO: [Synth 8-638] synthesizing module 'control_unit' [/home/heinecantor/Desktop/git/ASDi-Homeworks/Homework_1/Excercise_1/control_unit.vhd:43]
INFO: [Synth 8-3491] module 'interconnection_network' declared at '/home/heinecantor/Desktop/git/ASDi-Homeworks/Homework_1/Excercise_1/interconnection_network.vhd:34' bound to instance 'interconnectEntity' of component 'interconnection_network' [/home/heinecantor/Desktop/git/ASDi-Homeworks/Homework_1/Excercise_1/control_unit.vhd:59]
INFO: [Synth 8-638] synthesizing module 'interconnection_network' [/home/heinecantor/Desktop/git/ASDi-Homeworks/Homework_1/Excercise_1/interconnection_network.vhd:44]
INFO: [Synth 8-3491] module 'mux_16_1' declared at '/home/heinecantor/Desktop/git/ASDi-Homeworks/Homework_1/Excercise_1/mux_16_1.vhd:7' bound to instance 'muxEntity' of component 'mux_16_1' [/home/heinecantor/Desktop/git/ASDi-Homeworks/Homework_1/Excercise_1/interconnection_network.vhd:65]
INFO: [Synth 8-638] synthesizing module 'mux_16_1' [/home/heinecantor/Desktop/git/ASDi-Homeworks/Homework_1/Excercise_1/mux_16_1.vhd:16]
INFO: [Synth 8-3491] module 'mux_4_1' declared at '/home/heinecantor/Desktop/git/ASDi-Homeworks/Homework_1/Excercise_1/mux_4_1.vhd:8' bound to instance 'mux0' of component 'mux_4_1' [/home/heinecantor/Desktop/git/ASDi-Homeworks/Homework_1/Excercise_1/mux_16_1.vhd:28]
INFO: [Synth 8-638] synthesizing module 'mux_4_1' [/home/heinecantor/Desktop/git/ASDi-Homeworks/Homework_1/Excercise_1/mux_4_1.vhd:18]
INFO: [Synth 8-256] done synthesizing module 'mux_4_1' (0#1) [/home/heinecantor/Desktop/git/ASDi-Homeworks/Homework_1/Excercise_1/mux_4_1.vhd:18]
INFO: [Synth 8-3491] module 'mux_4_1' declared at '/home/heinecantor/Desktop/git/ASDi-Homeworks/Homework_1/Excercise_1/mux_4_1.vhd:8' bound to instance 'mux1' of component 'mux_4_1' [/home/heinecantor/Desktop/git/ASDi-Homeworks/Homework_1/Excercise_1/mux_16_1.vhd:33]
INFO: [Synth 8-3491] module 'mux_4_1' declared at '/home/heinecantor/Desktop/git/ASDi-Homeworks/Homework_1/Excercise_1/mux_4_1.vhd:8' bound to instance 'mux2' of component 'mux_4_1' [/home/heinecantor/Desktop/git/ASDi-Homeworks/Homework_1/Excercise_1/mux_16_1.vhd:38]
INFO: [Synth 8-3491] module 'mux_4_1' declared at '/home/heinecantor/Desktop/git/ASDi-Homeworks/Homework_1/Excercise_1/mux_4_1.vhd:8' bound to instance 'mux3' of component 'mux_4_1' [/home/heinecantor/Desktop/git/ASDi-Homeworks/Homework_1/Excercise_1/mux_16_1.vhd:43]
INFO: [Synth 8-3491] module 'mux_4_1' declared at '/home/heinecantor/Desktop/git/ASDi-Homeworks/Homework_1/Excercise_1/mux_4_1.vhd:8' bound to instance 'mux4' of component 'mux_4_1' [/home/heinecantor/Desktop/git/ASDi-Homeworks/Homework_1/Excercise_1/mux_16_1.vhd:48]
INFO: [Synth 8-256] done synthesizing module 'mux_16_1' (0#1) [/home/heinecantor/Desktop/git/ASDi-Homeworks/Homework_1/Excercise_1/mux_16_1.vhd:16]
INFO: [Synth 8-3491] module 'demux_1_4' declared at '/home/heinecantor/Desktop/git/ASDi-Homeworks/Homework_1/Excercise_1/demux_1_4.vhd:34' bound to instance 'demuxEntity' of component 'demux_1_4' [/home/heinecantor/Desktop/git/ASDi-Homeworks/Homework_1/Excercise_1/interconnection_network.vhd:73]
INFO: [Synth 8-638] synthesizing module 'demux_1_4' [/home/heinecantor/Desktop/git/ASDi-Homeworks/Homework_1/Excercise_1/demux_1_4.vhd:41]
INFO: [Synth 8-256] done synthesizing module 'demux_1_4' (0#1) [/home/heinecantor/Desktop/git/ASDi-Homeworks/Homework_1/Excercise_1/demux_1_4.vhd:41]
INFO: [Synth 8-256] done synthesizing module 'interconnection_network' (0#1) [/home/heinecantor/Desktop/git/ASDi-Homeworks/Homework_1/Excercise_1/interconnection_network.vhd:44]
INFO: [Synth 8-256] done synthesizing module 'control_unit' (0#1) [/home/heinecantor/Desktop/git/ASDi-Homeworks/Homework_1/Excercise_1/control_unit.vhd:43]
WARNING: [Synth 8-7129] Port SW[6] in module control_unit is either unconnected or has no load
WARNING: [Synth 8-7129] Port SW[7] in module control_unit is either unconnected or has no load
WARNING: [Synth 8-7129] Port SW[8] in module control_unit is either unconnected or has no load
WARNING: [Synth 8-7129] Port SW[9] in module control_unit is either unconnected or has no load
WARNING: [Synth 8-7129] Port SW[10] in module control_unit is either unconnected or has no load
WARNING: [Synth 8-7129] Port SW[11] in module control_unit is either unconnected or has no load
WARNING: [Synth 8-7129] Port SW[12] in module control_unit is either unconnected or has no load
WARNING: [Synth 8-7129] Port SW[13] in module control_unit is either unconnected or has no load
WARNING: [Synth 8-7129] Port SW[14] in module control_unit is either unconnected or has no load
WARNING: [Synth 8-7129] Port SW[15] in module control_unit is either unconnected or has no load
---------------------------------------------------------------------------------
Finished RTL Elaboration : Time (s): cpu = 00:00:03 ; elapsed = 00:00:03 . Memory (MB): peak = 2085.660 ; gain = 443.770 ; free physical = 1111 ; free virtual = 6465
---------------------------------------------------------------------------------
---------------------------------------------------------------------------------
Start Handling Custom Attributes
---------------------------------------------------------------------------------
---------------------------------------------------------------------------------
Finished Handling Custom Attributes : Time (s): cpu = 00:00:03 ; elapsed = 00:00:03 . Memory (MB): peak = 2100.504 ; gain = 458.613 ; free physical = 1108 ; free virtual = 6462
---------------------------------------------------------------------------------
---------------------------------------------------------------------------------
Finished RTL Optimization Phase 1 : Time (s): cpu = 00:00:03 ; elapsed = 00:00:03 . Memory (MB): peak = 2100.504 ; gain = 458.613 ; free physical = 1108 ; free virtual = 6462
---------------------------------------------------------------------------------
Netlist sorting complete. Time (s): cpu = 00:00:00 ; elapsed = 00:00:00 . Memory (MB): peak = 2100.504 ; gain = 0.000 ; free physical = 1108 ; free virtual = 6462
INFO: [Project 1-570] Preparing netlist for logic optimization

Processing XDC Constraints
Initializing timing engine
Parsing XDC File [/home/heinecantor/Desktop/digilent-xdc-master/Nexys-A7-100T-Master.xdc]
Finished Parsing XDC File [/home/heinecantor/Desktop/digilent-xdc-master/Nexys-A7-100T-Master.xdc]
INFO: [Project 1-236] Implementation specific constraints were found while reading constraint file [/home/heinecantor/Desktop/digilent-xdc-master/Nexys-A7-100T-Master.xdc]. These constraints will be ignored for synthesis but will be used in implementation. Impacted constraints are listed in the file [.Xil/control_unit_propImpl.xdc].
Resolution: To avoid this warning, move constraints listed in [.Xil/control_unit_propImpl.xdc] to another XDC file and exclude this new file from synthesis with the used_in_synthesis property (File Properties dialog in GUI) and re-run elaboration/synthesis.
Completed Processing XDC Constraints

Netlist sorting complete. Time (s): cpu = 00:00:00 ; elapsed = 00:00:00 . Memory (MB): peak = 2227.254 ; gain = 0.000 ; free physical = 1127 ; free virtual = 6481
INFO: [Project 1-111] Unisim Transformation Summary:
No Unisim elements were transformed.

Constraint Validation Runtime : Time (s): cpu = 00:00:00 ; elapsed = 00:00:00.01 . Memory (MB): peak = 2227.254 ; gain = 0.000 ; free physical = 1127 ; free virtual = 6481
INFO: [Designutils 20-5440] No compile time benefit to using incremental synthesis; A full resynthesis will be run
INFO: [Designutils 20-4379] Flow is switching to default flow due to incremental criteria not met. If you would like to alter this behaviour and have the flow terminate instead, please set the following parameter config_implementation {autoIncr.Synth.RejectBehavior Terminate}
---------------------------------------------------------------------------------
Finished Constraint Validation : Time (s): cpu = 00:00:06 ; elapsed = 00:00:07 . Memory (MB): peak = 2227.254 ; gain = 585.363 ; free physical = 1101 ; free virtual = 6455
---------------------------------------------------------------------------------
---------------------------------------------------------------------------------
Start Loading Part and Timing Information
---------------------------------------------------------------------------------
Loading part: xc7a100tcsg324-1
---------------------------------------------------------------------------------
Finished Loading Part and Timing Information : Time (s): cpu = 00:00:06 ; elapsed = 00:00:07 . Memory (MB): peak = 2227.254 ; gain = 585.363 ; free physical = 1101 ; free virtual = 6455
---------------------------------------------------------------------------------
---------------------------------------------------------------------------------
Start Applying 'set_property' XDC Constraints
---------------------------------------------------------------------------------
---------------------------------------------------------------------------------
Finished applying 'set_property' XDC Constraints : Time (s): cpu = 00:00:06 ; elapsed = 00:00:07 . Memory (MB): peak = 2227.254 ; gain = 585.363 ; free physical = 1101 ; free virtual = 6455
---------------------------------------------------------------------------------
---------------------------------------------------------------------------------
Finished RTL Optimization Phase 2 : Time (s): cpu = 00:00:07 ; elapsed = 00:00:07 . Memory (MB): peak = 2227.254 ; gain = 585.363 ; free physical = 1100 ; free virtual = 6456
---------------------------------------------------------------------------------
---------------------------------------------------------------------------------
Start RTL Component Statistics 
---------------------------------------------------------------------------------
Detailed RTL Component Info : 
+---Muxes : 
	   4 Input    4 Bit        Muxes := 1     
	   4 Input    1 Bit        Muxes := 5     
---------------------------------------------------------------------------------
Finished RTL Component Statistics 
---------------------------------------------------------------------------------
---------------------------------------------------------------------------------
Start Part Resource Summary
---------------------------------------------------------------------------------
Part Resources:
DSPs: 240 (col length:80)
BRAMs: 270 (col length: RAMB18 80 RAMB36 40)
---------------------------------------------------------------------------------
Finished Part Resource Summary
---------------------------------------------------------------------------------
---------------------------------------------------------------------------------
Start Cross Boundary and Area Optimization
---------------------------------------------------------------------------------
WARNING: [Synth 8-7080] Parallel synthesis criteria is not met
WARNING: [Synth 8-7129] Port SW[6] in module control_unit is either unconnected or has no load
WARNING: [Synth 8-7129] Port SW[7] in module control_unit is either unconnected or has no load
WARNING: [Synth 8-7129] Port SW[8] in module control_unit is either unconnected or has no load
WARNING: [Synth 8-7129] Port SW[9] in module control_unit is either unconnected or has no load
WARNING: [Synth 8-7129] Port SW[10] in module control_unit is either unconnected or has no load
WARNING: [Synth 8-7129] Port SW[11] in module control_unit is either unconnected or has no load
WARNING: [Synth 8-7129] Port SW[12] in module control_unit is either unconnected or has no load
WARNING: [Synth 8-7129] Port SW[13] in module control_unit is either unconnected or has no load
WARNING: [Synth 8-7129] Port SW[14] in module control_unit is either unconnected or has no load
WARNING: [Synth 8-7129] Port SW[15] in module control_unit is either unconnected or has no load
---------------------------------------------------------------------------------
Finished Cross Boundary and Area Optimization : Time (s): cpu = 00:00:07 ; elapsed = 00:00:08 . Memory (MB): peak = 2227.254 ; gain = 585.363 ; free physical = 1097 ; free virtual = 6456
---------------------------------------------------------------------------------
---------------------------------------------------------------------------------
Start Applying XDC Timing Constraints
---------------------------------------------------------------------------------
---------------------------------------------------------------------------------
Finished Applying XDC Timing Constraints : Time (s): cpu = 00:00:10 ; elapsed = 00:00:10 . Memory (MB): peak = 2227.254 ; gain = 585.363 ; free physical = 1095 ; free virtual = 6453
---------------------------------------------------------------------------------
---------------------------------------------------------------------------------
Start Timing Optimization
---------------------------------------------------------------------------------
---------------------------------------------------------------------------------
Finished Timing Optimization : Time (s): cpu = 00:00:10 ; elapsed = 00:00:10 . Memory (MB): peak = 2227.254 ; gain = 585.363 ; free physical = 1095 ; free virtual = 6453
---------------------------------------------------------------------------------
---------------------------------------------------------------------------------
Start Technology Mapping
---------------------------------------------------------------------------------
---------------------------------------------------------------------------------
Finished Technology Mapping : Time (s): cpu = 00:00:10 ; elapsed = 00:00:10 . Memory (MB): peak = 2227.254 ; gain = 585.363 ; free physical = 1095 ; free virtual = 6453
---------------------------------------------------------------------------------
---------------------------------------------------------------------------------
Start IO Insertion
---------------------------------------------------------------------------------
---------------------------------------------------------------------------------
Start Flattening Before IO Insertion
---------------------------------------------------------------------------------
---------------------------------------------------------------------------------
Finished Flattening Before IO Insertion
---------------------------------------------------------------------------------
---------------------------------------------------------------------------------
Start Final Netlist Cleanup
---------------------------------------------------------------------------------
---------------------------------------------------------------------------------
Finished Final Netlist Cleanup
---------------------------------------------------------------------------------
---------------------------------------------------------------------------------
Finished IO Insertion : Time (s): cpu = 00:00:12 ; elapsed = 00:00:12 . Memory (MB): peak = 2227.254 ; gain = 585.363 ; free physical = 1123 ; free virtual = 6481
---------------------------------------------------------------------------------
---------------------------------------------------------------------------------
Start Renaming Generated Instances
---------------------------------------------------------------------------------
---------------------------------------------------------------------------------
Finished Renaming Generated Instances : Time (s): cpu = 00:00:12 ; elapsed = 00:00:12 . Memory (MB): peak = 2227.254 ; gain = 585.363 ; free physical = 1123 ; free virtual = 6481
---------------------------------------------------------------------------------
---------------------------------------------------------------------------------
Start Rebuilding User Hierarchy
---------------------------------------------------------------------------------
---------------------------------------------------------------------------------
Finished Rebuilding User Hierarchy : Time (s): cpu = 00:00:12 ; elapsed = 00:00:12 . Memory (MB): peak = 2227.254 ; gain = 585.363 ; free physical = 1123 ; free virtual = 6481
---------------------------------------------------------------------------------
---------------------------------------------------------------------------------
Start Renaming Generated Ports
---------------------------------------------------------------------------------
---------------------------------------------------------------------------------
Finished Renaming Generated Ports : Time (s): cpu = 00:00:12 ; elapsed = 00:00:12 . Memory (MB): peak = 2227.254 ; gain = 585.363 ; free physical = 1123 ; free virtual = 6481
---------------------------------------------------------------------------------
---------------------------------------------------------------------------------
Start Handling Custom Attributes
---------------------------------------------------------------------------------
---------------------------------------------------------------------------------
Finished Handling Custom Attributes : Time (s): cpu = 00:00:12 ; elapsed = 00:00:12 . Memory (MB): peak = 2227.254 ; gain = 585.363 ; free physical = 1123 ; free virtual = 6481
---------------------------------------------------------------------------------
---------------------------------------------------------------------------------
Start Renaming Generated Nets
---------------------------------------------------------------------------------
---------------------------------------------------------------------------------
Finished Renaming Generated Nets : Time (s): cpu = 00:00:12 ; elapsed = 00:00:12 . Memory (MB): peak = 2227.254 ; gain = 585.363 ; free physical = 1123 ; free virtual = 6481
---------------------------------------------------------------------------------
---------------------------------------------------------------------------------
Start Writing Synthesis Report
---------------------------------------------------------------------------------

Report BlackBoxes: 
+-+--------------+----------+
| |BlackBox name |Instances |
+-+--------------+----------+
+-+--------------+----------+

Report Cell Usage: 
+------+-----+------+
|      |Cell |Count |
+------+-----+------+
|1     |LUT4 |     4|
|2     |IBUF |     4|
|3     |OBUF |     4|
+------+-----+------+
---------------------------------------------------------------------------------
Finished Writing Synthesis Report : Time (s): cpu = 00:00:12 ; elapsed = 00:00:12 . Memory (MB): peak = 2227.254 ; gain = 585.363 ; free physical = 1123 ; free virtual = 6481
---------------------------------------------------------------------------------
Synthesis finished with 0 errors, 0 critical warnings and 11 warnings.
Synthesis Optimization Runtime : Time (s): cpu = 00:00:11 ; elapsed = 00:00:12 . Memory (MB): peak = 2227.254 ; gain = 458.613 ; free physical = 1122 ; free virtual = 6481
Synthesis Optimization Complete : Time (s): cpu = 00:00:12 ; elapsed = 00:00:13 . Memory (MB): peak = 2227.254 ; gain = 585.363 ; free physical = 1122 ; free virtual = 6481
INFO: [Project 1-571] Translating synthesized netlist
Netlist sorting complete. Time (s): cpu = 00:00:00 ; elapsed = 00:00:00 . Memory (MB): peak = 2227.254 ; gain = 0.000 ; free physical = 1273 ; free virtual = 6631
INFO: [Project 1-570] Preparing netlist for logic optimization
INFO: [Opt 31-138] Pushed 0 inverter(s) to 0 load pin(s).
Netlist sorting complete. Time (s): cpu = 00:00:00 ; elapsed = 00:00:00 . Memory (MB): peak = 2227.254 ; gain = 0.000 ; free physical = 1404 ; free virtual = 6762
INFO: [Project 1-111] Unisim Transformation Summary:
No Unisim elements were transformed.

Synth Design complete | Checksum: 41268cf0
INFO: [Common 17-83] Releasing license: Synthesis
37 Infos, 21 Warnings, 0 Critical Warnings and 0 Errors encountered.
synth_design completed successfully
synth_design: Time (s): cpu = 00:00:16 ; elapsed = 00:00:15 . Memory (MB): peak = 2227.254 ; gain = 891.465 ; free physical = 1404 ; free virtual = 6762
INFO: [Common 17-2834] synth_design peak Physical Memory [PSS] (MB): overall = 1757.057; main = 1430.895; forked = 373.944
INFO: [Common 17-2834] synth_design peak Virtual Memory [VSS] (MB): overall = 3173.344; main = 2227.258; forked = 978.102
INFO: [Common 17-1381] The checkpoint '/home/heinecantor/Desktop/git/ASDi-Homeworks/Homework_1/Excercise_1/Vivado/Mux_16_1/Mux_16_1.runs/synth_1/control_unit.dcp' has been generated.
INFO: [runtcl-4] Executing : report_utilization -file control_unit_utilization_synth.rpt -pb control_unit_utilization_synth.pb
INFO: [Common 17-206] Exiting Vivado at Sun Oct 29 11:58:29 2023...
