
*** Running vivado
    with args -log BoardUnit.vds -m64 -product Vivado -mode batch -messageDb vivado.pb -notrace -source BoardUnit.tcl


****** Vivado v2023.2 (64-bit)
  **** SW Build 4029153 on Fri Oct 13 20:13:54 MDT 2023
  **** IP Build 4028589 on Sat Oct 14 00:45:43 MDT 2023
  **** SharedData Build 4025554 on Tue Oct 10 17:18:54 MDT 2023
    ** Copyright 1986-2022 Xilinx, Inc. All Rights Reserved.
    ** Copyright 2022-2023 Advanced Micro Devices, Inc. All Rights Reserved.

source BoardUnit.tcl -notrace
create_project: Time (s): cpu = 00:00:05 ; elapsed = 00:00:05 . Memory (MB): peak = 1320.977 ; gain = 0.023 ; free physical = 2902 ; free virtual = 9615
Command: read_checkpoint -auto_incremental -incremental /home/heinecantor/Desktop/git/ASDi-Homeworks/Exercise_6/Vivado/Cronometro/Cronometro.srcs/utils_1/imports/synth_1/BoardUnit.dcp
INFO: [Vivado 12-5825] Read reference checkpoint from /home/heinecantor/Desktop/git/ASDi-Homeworks/Exercise_6/Vivado/Cronometro/Cronometro.srcs/utils_1/imports/synth_1/BoardUnit.dcp for incremental synthesis
INFO: [Vivado 12-7989] Please ensure there are no constraint changes
Command: synth_design -top BoardUnit -part xc7a100tcsg324-1
Starting synth_design
Attempting to get a license for feature 'Synthesis' and/or device 'xc7a100t'
INFO: [Common 17-349] Got license for feature 'Synthesis' and/or device 'xc7a100t'
INFO: [Device 21-403] Loading part xc7a100tcsg324-1
INFO: [Designutils 20-5440] No compile time benefit to using incremental synthesis; A full resynthesis will be run
INFO: [Designutils 20-4379] Flow is switching to default flow due to incremental criteria not met. If you would like to alter this behaviour and have the flow terminate instead, please set the following parameter config_implementation {autoIncr.Synth.RejectBehavior Terminate}
INFO: [Synth 8-7079] Multithreading enabled for synth_design using a maximum of 4 processes.
INFO: [Synth 8-7078] Launching helper process for spawning children vivado processes
INFO: [Synth 8-7075] Helper process launched with PID 123151
---------------------------------------------------------------------------------
Starting RTL Elaboration : Time (s): cpu = 00:00:03 ; elapsed = 00:00:03 . Memory (MB): peak = 2040.668 ; gain = 404.684 ; free physical = 1912 ; free virtual = 8625
---------------------------------------------------------------------------------
INFO: [Synth 8-638] synthesizing module 'BoardUnit' [/home/heinecantor/Desktop/git/ASDi-Homeworks/Exercise_6/BoardUnit.vhd:14]
INFO: [Synth 8-3491] module 'ButtonDebouncer' declared at '/home/heinecantor/Desktop/git/ASDi-Homeworks/Exercise_6/debouncer.vhd:5' bound to instance 'debouncerRead' of component 'ButtonDebouncer' [/home/heinecantor/Desktop/git/ASDi-Homeworks/Exercise_6/BoardUnit.vhd:43]
INFO: [Synth 8-638] synthesizing module 'ButtonDebouncer' [/home/heinecantor/Desktop/git/ASDi-Homeworks/Exercise_6/debouncer.vhd:17]
	Parameter CLK_period bound to: 10 - type: integer 
	Parameter btn_noise_time bound to: 10000000 - type: integer 
INFO: [Synth 8-226] default block is never used [/home/heinecantor/Desktop/git/ASDi-Homeworks/Exercise_6/debouncer.vhd:36]
INFO: [Synth 8-256] done synthesizing module 'ButtonDebouncer' (0#1) [/home/heinecantor/Desktop/git/ASDi-Homeworks/Exercise_6/debouncer.vhd:17]
INFO: [Synth 8-3491] module 'ButtonDebouncer' declared at '/home/heinecantor/Desktop/git/ASDi-Homeworks/Exercise_6/debouncer.vhd:5' bound to instance 'debouncerStart' of component 'ButtonDebouncer' [/home/heinecantor/Desktop/git/ASDi-Homeworks/Exercise_6/BoardUnit.vhd:51]
INFO: [Synth 8-3491] module 'system' declared at '/home/heinecantor/Desktop/git/ASDi-Homeworks/Exercise_6/system.vhd:5' bound to instance 'sistema' of component 'system' [/home/heinecantor/Desktop/git/ASDi-Homeworks/Exercise_6/BoardUnit.vhd:59]
INFO: [Synth 8-638] synthesizing module 'system' [/home/heinecantor/Desktop/git/ASDi-Homeworks/Exercise_6/system.vhd:16]
INFO: [Synth 8-3491] module 'control_unit' declared at '/home/heinecantor/Desktop/git/ASDi-Homeworks/Exercise_6/control_unit.vhd:5' bound to instance 'CU' of component 'control_unit' [/home/heinecantor/Desktop/git/ASDi-Homeworks/Exercise_6/system.vhd:92]
INFO: [Synth 8-638] synthesizing module 'control_unit' [/home/heinecantor/Desktop/git/ASDi-Homeworks/Exercise_6/control_unit.vhd:20]
WARNING: [Synth 8-614] signal 'enableRead' is read in the process but is not in the sensitivity list [/home/heinecantor/Desktop/git/ASDi-Homeworks/Exercise_6/control_unit.vhd:29]
INFO: [Synth 8-256] done synthesizing module 'control_unit' (0#1) [/home/heinecantor/Desktop/git/ASDi-Homeworks/Exercise_6/control_unit.vhd:20]
INFO: [Synth 8-3491] module 'counter_mod8' declared at '/home/heinecantor/Desktop/git/ASDi-Homeworks/Exercise_6/counter_mod8.vhd:27' bound to instance 'COUNT' of component 'counter_mod8' [/home/heinecantor/Desktop/git/ASDi-Homeworks/Exercise_6/system.vhd:107]
INFO: [Synth 8-638] synthesizing module 'counter_mod8' [/home/heinecantor/Desktop/git/ASDi-Homeworks/Exercise_6/counter_mod8.vhd:34]
INFO: [Synth 8-256] done synthesizing module 'counter_mod8' (0#1) [/home/heinecantor/Desktop/git/ASDi-Homeworks/Exercise_6/counter_mod8.vhd:34]
INFO: [Synth 8-3491] module 'ROM' declared at '/home/heinecantor/Desktop/git/ASDi-Homeworks/Exercise_6/rom.vhd:5' bound to instance 'ROM_MEM' of component 'ROM' [/home/heinecantor/Desktop/git/ASDi-Homeworks/Exercise_6/system.vhd:115]
INFO: [Synth 8-638] synthesizing module 'ROM' [/home/heinecantor/Desktop/git/ASDi-Homeworks/Exercise_6/rom.vhd:15]
INFO: [Synth 8-226] default block is never used [/home/heinecantor/Desktop/git/ASDi-Homeworks/Exercise_6/rom.vhd:30]
INFO: [Synth 8-256] done synthesizing module 'ROM' (0#1) [/home/heinecantor/Desktop/git/ASDi-Homeworks/Exercise_6/rom.vhd:15]
INFO: [Synth 8-3491] module 'M' declared at '/home/heinecantor/Desktop/git/ASDi-Homeworks/Exercise_6/M.vhd:5' bound to instance 'MACHINE' of component 'M' [/home/heinecantor/Desktop/git/ASDi-Homeworks/Exercise_6/system.vhd:124]
INFO: [Synth 8-638] synthesizing module 'M' [/home/heinecantor/Desktop/git/ASDi-Homeworks/Exercise_6/M.vhd:12]
INFO: [Synth 8-256] done synthesizing module 'M' (0#1) [/home/heinecantor/Desktop/git/ASDi-Homeworks/Exercise_6/M.vhd:12]
INFO: [Synth 8-3491] module 'mem' declared at '/home/heinecantor/Desktop/git/ASDi-Homeworks/Exercise_6/mem.vhd:5' bound to instance 'RAM' of component 'mem' [/home/heinecantor/Desktop/git/ASDi-Homeworks/Exercise_6/system.vhd:131]
INFO: [Synth 8-638] synthesizing module 'mem' [/home/heinecantor/Desktop/git/ASDi-Homeworks/Exercise_6/mem.vhd:20]
	Parameter address_length bound to: 3 - type: integer 
	Parameter data_length bound to: 4 - type: integer 
INFO: [Synth 8-256] done synthesizing module 'mem' (0#1) [/home/heinecantor/Desktop/git/ASDi-Homeworks/Exercise_6/mem.vhd:20]
INFO: [Synth 8-256] done synthesizing module 'system' (0#1) [/home/heinecantor/Desktop/git/ASDi-Homeworks/Exercise_6/system.vhd:16]
INFO: [Synth 8-256] done synthesizing module 'BoardUnit' (0#1) [/home/heinecantor/Desktop/git/ASDi-Homeworks/Exercise_6/BoardUnit.vhd:14]
WARNING: [Synth 8-3848] Net ledStarted in module/entity BoardUnit does not have driver. [/home/heinecantor/Desktop/git/ASDi-Homeworks/Exercise_6/BoardUnit.vhd:10]
WARNING: [Synth 8-7129] Port input[7] in module M is either unconnected or has no load
WARNING: [Synth 8-7129] Port input[6] in module M is either unconnected or has no load
WARNING: [Synth 8-7129] Port input[5] in module M is either unconnected or has no load
WARNING: [Synth 8-7129] Port input[4] in module M is either unconnected or has no load
WARNING: [Synth 8-7129] Port CLK in module ROM is either unconnected or has no load
WARNING: [Synth 8-7129] Port read in module ROM is either unconnected or has no load
WARNING: [Synth 8-7129] Port ledStarted in module BoardUnit is either unconnected or has no load
---------------------------------------------------------------------------------
Finished RTL Elaboration : Time (s): cpu = 00:00:04 ; elapsed = 00:00:05 . Memory (MB): peak = 2116.605 ; gain = 480.621 ; free physical = 1813 ; free virtual = 8526
---------------------------------------------------------------------------------
---------------------------------------------------------------------------------
Start Handling Custom Attributes
---------------------------------------------------------------------------------
---------------------------------------------------------------------------------
Finished Handling Custom Attributes : Time (s): cpu = 00:00:04 ; elapsed = 00:00:05 . Memory (MB): peak = 2134.418 ; gain = 498.434 ; free physical = 1810 ; free virtual = 8523
---------------------------------------------------------------------------------
---------------------------------------------------------------------------------
Finished RTL Optimization Phase 1 : Time (s): cpu = 00:00:04 ; elapsed = 00:00:05 . Memory (MB): peak = 2134.418 ; gain = 498.434 ; free physical = 1810 ; free virtual = 8523
---------------------------------------------------------------------------------
Netlist sorting complete. Time (s): cpu = 00:00:00 ; elapsed = 00:00:00 . Memory (MB): peak = 2134.418 ; gain = 0.000 ; free physical = 1810 ; free virtual = 8523
INFO: [Project 1-570] Preparing netlist for logic optimization

Processing XDC Constraints
Initializing timing engine
Parsing XDC File [/home/heinecantor/Desktop/git/ASDi-Homeworks/Exercise_6/Nexys-A7-100T-Master.xdc]
Finished Parsing XDC File [/home/heinecantor/Desktop/git/ASDi-Homeworks/Exercise_6/Nexys-A7-100T-Master.xdc]
INFO: [Project 1-236] Implementation specific constraints were found while reading constraint file [/home/heinecantor/Desktop/git/ASDi-Homeworks/Exercise_6/Nexys-A7-100T-Master.xdc]. These constraints will be ignored for synthesis but will be used in implementation. Impacted constraints are listed in the file [.Xil/BoardUnit_propImpl.xdc].
Resolution: To avoid this warning, move constraints listed in [.Xil/BoardUnit_propImpl.xdc] to another XDC file and exclude this new file from synthesis with the used_in_synthesis property (File Properties dialog in GUI) and re-run elaboration/synthesis.
Completed Processing XDC Constraints

Netlist sorting complete. Time (s): cpu = 00:00:00 ; elapsed = 00:00:00 . Memory (MB): peak = 2272.168 ; gain = 0.000 ; free physical = 1797 ; free virtual = 8510
INFO: [Project 1-111] Unisim Transformation Summary:
No Unisim elements were transformed.

Constraint Validation Runtime : Time (s): cpu = 00:00:00.01 ; elapsed = 00:00:00 . Memory (MB): peak = 2272.203 ; gain = 0.000 ; free physical = 1797 ; free virtual = 8510
INFO: [Designutils 20-5440] No compile time benefit to using incremental synthesis; A full resynthesis will be run
INFO: [Designutils 20-4379] Flow is switching to default flow due to incremental criteria not met. If you would like to alter this behaviour and have the flow terminate instead, please set the following parameter config_implementation {autoIncr.Synth.RejectBehavior Terminate}
---------------------------------------------------------------------------------
Finished Constraint Validation : Time (s): cpu = 00:00:09 ; elapsed = 00:00:10 . Memory (MB): peak = 2272.203 ; gain = 636.219 ; free physical = 1793 ; free virtual = 8508
---------------------------------------------------------------------------------
---------------------------------------------------------------------------------
Start Loading Part and Timing Information
---------------------------------------------------------------------------------
Loading part: xc7a100tcsg324-1
---------------------------------------------------------------------------------
Finished Loading Part and Timing Information : Time (s): cpu = 00:00:09 ; elapsed = 00:00:10 . Memory (MB): peak = 2272.203 ; gain = 636.219 ; free physical = 1793 ; free virtual = 8508
---------------------------------------------------------------------------------
---------------------------------------------------------------------------------
Start Applying 'set_property' XDC Constraints
---------------------------------------------------------------------------------
---------------------------------------------------------------------------------
Finished applying 'set_property' XDC Constraints : Time (s): cpu = 00:00:10 ; elapsed = 00:00:10 . Memory (MB): peak = 2272.203 ; gain = 636.219 ; free physical = 1793 ; free virtual = 8508
---------------------------------------------------------------------------------
INFO: [Synth 8-802] inferred FSM for state register 'BTN_state_reg' in module 'ButtonDebouncer'
INFO: [Synth 8-802] inferred FSM for state register 'stato_corrente_reg' in module 'control_unit'
---------------------------------------------------------------------------------------------------
                   State |                     New Encoding |                Previous Encoding 
---------------------------------------------------------------------------------------------------
             not_pressed |                               00 |                               00
             chk_pressed |                               01 |                               01
                 pressed |                               10 |                               10
         chk_not_pressed |                               11 |                               11
---------------------------------------------------------------------------------------------------
INFO: [Synth 8-3354] encoded FSM with state register 'BTN_state_reg' using encoding 'sequential' in module 'ButtonDebouncer'
WARNING: [Synth 8-327] inferring latch for variable 'FSM_sequential_stato_prossimo_reg' [/home/heinecantor/Desktop/git/ASDi-Homeworks/Exercise_6/control_unit.vhd:42]
WARNING: [Synth 8-327] inferring latch for variable 'FSM_onehot_stato_prossimo_reg' [/home/heinecantor/Desktop/git/ASDi-Homeworks/Exercise_6/control_unit.vhd:42]
---------------------------------------------------------------------------------------------------
                   State |                     New Encoding |                Previous Encoding 
---------------------------------------------------------------------------------------------------
                    init |                          0000001 |                              000
      waiting_for_enable |                          0000010 |                              010
                read_rom |                          0000100 |                              100
                m_to_ram |                          0001000 |                              110
                   print |                          0010000 |                              111
                en_count |                          0100000 |                              011
              stop_state |                          1000000 |                              001
---------------------------------------------------------------------------------------------------
INFO: [Synth 8-3354] encoded FSM with state register 'stato_corrente_reg' using encoding 'one-hot' in module 'control_unit'
WARNING: [Synth 8-327] inferring latch for variable 'FSM_onehot_stato_prossimo_reg' [/home/heinecantor/Desktop/git/ASDi-Homeworks/Exercise_6/control_unit.vhd:42]
---------------------------------------------------------------------------------
Finished RTL Optimization Phase 2 : Time (s): cpu = 00:00:10 ; elapsed = 00:00:10 . Memory (MB): peak = 2272.203 ; gain = 636.219 ; free physical = 1791 ; free virtual = 8508
---------------------------------------------------------------------------------
---------------------------------------------------------------------------------
Start RTL Component Statistics 
---------------------------------------------------------------------------------
Detailed RTL Component Info : 
+---Adders : 
	   2 Input   32 Bit       Adders := 2     
	   2 Input    3 Bit       Adders := 1     
+---Registers : 
	               32 Bit    Registers := 2     
	                4 Bit    Registers := 1     
	                3 Bit    Registers := 1     
	                1 Bit    Registers := 2     
+---RAMs : 
	               32 Bit	(8 X 4 bit)          RAMs := 1     
+---Muxes : 
	   2 Input   32 Bit        Muxes := 2     
	   7 Input    7 Bit        Muxes := 1     
	   2 Input    7 Bit        Muxes := 3     
	   7 Input    3 Bit        Muxes := 1     
	   4 Input    2 Bit        Muxes := 2     
	   2 Input    2 Bit        Muxes := 12    
	   4 Input    1 Bit        Muxes := 4     
	   2 Input    1 Bit        Muxes := 1     
	   7 Input    1 Bit        Muxes := 3     
---------------------------------------------------------------------------------
Finished RTL Component Statistics 
---------------------------------------------------------------------------------
---------------------------------------------------------------------------------
Start Part Resource Summary
---------------------------------------------------------------------------------
Part Resources:
DSPs: 240 (col length:80)
BRAMs: 270 (col length: RAMB18 80 RAMB36 40)
---------------------------------------------------------------------------------
Finished Part Resource Summary
---------------------------------------------------------------------------------
---------------------------------------------------------------------------------
Start Cross Boundary and Area Optimization
---------------------------------------------------------------------------------
WARNING: [Synth 8-7080] Parallel synthesis criteria is not met
WARNING: [Synth 8-7129] Port ledStarted in module BoardUnit is either unconnected or has no load
---------------------------------------------------------------------------------
Finished Cross Boundary and Area Optimization : Time (s): cpu = 00:00:11 ; elapsed = 00:00:12 . Memory (MB): peak = 2272.203 ; gain = 636.219 ; free physical = 1769 ; free virtual = 8488
---------------------------------------------------------------------------------
---------------------------------------------------------------------------------
Start ROM, RAM, DSP, Shift Register and Retiming Reporting
---------------------------------------------------------------------------------

Distributed RAM: Preliminary Mapping Report (see note below)
+------------+---------------------+-----------+----------------------+---------------+
|Module Name | RTL Object          | Inference | Size (Depth x Width) | Primitives    | 
+------------+---------------------+-----------+----------------------+---------------+
|BoardUnit   | sistema/RAM/ram_reg | Implied   | 8 x 4                | RAM16X1S x 4  | 
+------------+---------------------+-----------+----------------------+---------------+

Note: The table above is a preliminary report that shows the Distributed RAMs at the current stage of the synthesis flow. Some Distributed RAMs may be reimplemented as non Distributed RAM primitives later in the synthesis flow. Multiple instantiated RAMs are reported only once.
---------------------------------------------------------------------------------
Finished ROM, RAM, DSP, Shift Register and Retiming Reporting
---------------------------------------------------------------------------------
---------------------------------------------------------------------------------
Start Applying XDC Timing Constraints
---------------------------------------------------------------------------------
---------------------------------------------------------------------------------
Finished Applying XDC Timing Constraints : Time (s): cpu = 00:00:14 ; elapsed = 00:00:15 . Memory (MB): peak = 2272.203 ; gain = 636.219 ; free physical = 1767 ; free virtual = 8486
---------------------------------------------------------------------------------
---------------------------------------------------------------------------------
Start Timing Optimization
---------------------------------------------------------------------------------
---------------------------------------------------------------------------------
Finished Timing Optimization : Time (s): cpu = 00:00:15 ; elapsed = 00:00:15 . Memory (MB): peak = 2272.203 ; gain = 636.219 ; free physical = 1767 ; free virtual = 8486
---------------------------------------------------------------------------------
---------------------------------------------------------------------------------
Start ROM, RAM, DSP, Shift Register and Retiming Reporting
---------------------------------------------------------------------------------

Distributed RAM: Final Mapping Report
+------------+---------------------+-----------+----------------------+---------------+
|Module Name | RTL Object          | Inference | Size (Depth x Width) | Primitives    | 
+------------+---------------------+-----------+----------------------+---------------+
|BoardUnit   | sistema/RAM/ram_reg | Implied   | 8 x 4                | RAM16X1S x 4  | 
+------------+---------------------+-----------+----------------------+---------------+

---------------------------------------------------------------------------------
Finished ROM, RAM, DSP, Shift Register and Retiming Reporting
---------------------------------------------------------------------------------
---------------------------------------------------------------------------------
Start Technology Mapping
---------------------------------------------------------------------------------
---------------------------------------------------------------------------------
Finished Technology Mapping : Time (s): cpu = 00:00:15 ; elapsed = 00:00:15 . Memory (MB): peak = 2272.203 ; gain = 636.219 ; free physical = 1767 ; free virtual = 8486
---------------------------------------------------------------------------------
---------------------------------------------------------------------------------
Start IO Insertion
---------------------------------------------------------------------------------
---------------------------------------------------------------------------------
Start Flattening Before IO Insertion
---------------------------------------------------------------------------------
---------------------------------------------------------------------------------
Finished Flattening Before IO Insertion
---------------------------------------------------------------------------------
---------------------------------------------------------------------------------
Start Final Netlist Cleanup
---------------------------------------------------------------------------------
---------------------------------------------------------------------------------
Finished Final Netlist Cleanup
---------------------------------------------------------------------------------
---------------------------------------------------------------------------------
Finished IO Insertion : Time (s): cpu = 00:00:18 ; elapsed = 00:00:18 . Memory (MB): peak = 2272.203 ; gain = 636.219 ; free physical = 1767 ; free virtual = 8487
---------------------------------------------------------------------------------
---------------------------------------------------------------------------------
Start Renaming Generated Instances
---------------------------------------------------------------------------------
---------------------------------------------------------------------------------
Finished Renaming Generated Instances : Time (s): cpu = 00:00:18 ; elapsed = 00:00:18 . Memory (MB): peak = 2272.203 ; gain = 636.219 ; free physical = 1767 ; free virtual = 8487
---------------------------------------------------------------------------------
---------------------------------------------------------------------------------
Start Rebuilding User Hierarchy
---------------------------------------------------------------------------------
---------------------------------------------------------------------------------
Finished Rebuilding User Hierarchy : Time (s): cpu = 00:00:18 ; elapsed = 00:00:18 . Memory (MB): peak = 2272.203 ; gain = 636.219 ; free physical = 1767 ; free virtual = 8487
---------------------------------------------------------------------------------
---------------------------------------------------------------------------------
Start Renaming Generated Ports
---------------------------------------------------------------------------------
---------------------------------------------------------------------------------
Finished Renaming Generated Ports : Time (s): cpu = 00:00:18 ; elapsed = 00:00:18 . Memory (MB): peak = 2272.203 ; gain = 636.219 ; free physical = 1767 ; free virtual = 8487
---------------------------------------------------------------------------------
---------------------------------------------------------------------------------
Start Handling Custom Attributes
---------------------------------------------------------------------------------
---------------------------------------------------------------------------------
Finished Handling Custom Attributes : Time (s): cpu = 00:00:18 ; elapsed = 00:00:18 . Memory (MB): peak = 2272.203 ; gain = 636.219 ; free physical = 1767 ; free virtual = 8487
---------------------------------------------------------------------------------
---------------------------------------------------------------------------------
Start Renaming Generated Nets
---------------------------------------------------------------------------------
---------------------------------------------------------------------------------
Finished Renaming Generated Nets : Time (s): cpu = 00:00:18 ; elapsed = 00:00:18 . Memory (MB): peak = 2272.203 ; gain = 636.219 ; free physical = 1767 ; free virtual = 8487
---------------------------------------------------------------------------------
---------------------------------------------------------------------------------
Start Writing Synthesis Report
---------------------------------------------------------------------------------

Report BlackBoxes: 
+-+--------------+----------+
| |BlackBox name |Instances |
+-+--------------+----------+
+-+--------------+----------+

Report Cell Usage: 
+------+---------+------+
|      |Cell     |Count |
+------+---------+------+
|1     |BUFG     |     1|
|2     |CARRY4   |    16|
|3     |LUT1     |     3|
|4     |LUT2     |     7|
|5     |LUT3     |     2|
|6     |LUT4     |    15|
|7     |LUT5     |     5|
|8     |LUT6     |    13|
|9     |RAM16X1S |     3|
|10    |FDRE     |    83|
|11    |FDSE     |     1|
|12    |LD       |     7|
|13    |IBUF     |     4|
|14    |OBUF     |     5|
|15    |OBUFT    |     1|
+------+---------+------+
---------------------------------------------------------------------------------
Finished Writing Synthesis Report : Time (s): cpu = 00:00:18 ; elapsed = 00:00:18 . Memory (MB): peak = 2272.203 ; gain = 636.219 ; free physical = 1767 ; free virtual = 8487
---------------------------------------------------------------------------------
Synthesis finished with 0 errors, 0 critical warnings and 5 warnings.
Synthesis Optimization Runtime : Time (s): cpu = 00:00:16 ; elapsed = 00:00:17 . Memory (MB): peak = 2272.203 ; gain = 498.434 ; free physical = 1767 ; free virtual = 8488
Synthesis Optimization Complete : Time (s): cpu = 00:00:18 ; elapsed = 00:00:18 . Memory (MB): peak = 2272.203 ; gain = 636.219 ; free physical = 1767 ; free virtual = 8488
INFO: [Project 1-571] Translating synthesized netlist
Netlist sorting complete. Time (s): cpu = 00:00:02 ; elapsed = 00:00:00 . Memory (MB): peak = 2272.203 ; gain = 0.000 ; free physical = 2053 ; free virtual = 8773
INFO: [Netlist 29-17] Analyzing 26 Unisim elements for replacement
INFO: [Netlist 29-28] Unisim Transformation completed in 0 CPU seconds
INFO: [Project 1-570] Preparing netlist for logic optimization
INFO: [Opt 31-138] Pushed 0 inverter(s) to 0 load pin(s).
Netlist sorting complete. Time (s): cpu = 00:00:00 ; elapsed = 00:00:00 . Memory (MB): peak = 2272.203 ; gain = 0.000 ; free physical = 2055 ; free virtual = 8775
INFO: [Project 1-111] Unisim Transformation Summary:
  A total of 10 instances were transformed.
  LD => LDCE: 7 instances
  RAM16X1S => RAM32X1S (RAMS32): 3 instances

Synth Design complete | Checksum: 4c003848
INFO: [Common 17-83] Releasing license: Synthesis
51 Infos, 14 Warnings, 0 Critical Warnings and 0 Errors encountered.
synth_design completed successfully
synth_design: Time (s): cpu = 00:00:22 ; elapsed = 00:00:21 . Memory (MB): peak = 2272.203 ; gain = 951.227 ; free physical = 2054 ; free virtual = 8774
INFO: [Common 17-2834] synth_design peak Physical Memory [PSS] (MB): overall = 1813.444; main = 1512.211; forked = 377.582
INFO: [Common 17-2834] synth_design peak Virtual Memory [VSS] (MB): overall = 3229.406; main = 2272.172; forked = 989.250
Write ShapeDB Complete: Time (s): cpu = 00:00:00 ; elapsed = 00:00:00 . Memory (MB): peak = 2296.180 ; gain = 0.000 ; free physical = 2054 ; free virtual = 8774
INFO: [Common 17-1381] The checkpoint '/home/heinecantor/Desktop/git/ASDi-Homeworks/Exercise_6/Vivado/Cronometro/Cronometro.runs/synth_1/BoardUnit.dcp' has been generated.
INFO: [runtcl-4] Executing : report_utilization -file BoardUnit_utilization_synth.rpt -pb BoardUnit_utilization_synth.pb
INFO: [Common 17-206] Exiting Vivado at Mon Feb 19 17:07:40 2024...
