Copyright 1986-2022 Xilinx, Inc. All Rights Reserved. Copyright 2022-2023 Advanced Micro Devices, Inc. All Rights Reserved.
---------------------------------------------------------------------------------------------------------------------------------------------
| Tool Version : Vivado v.2023.2 (lin64) Build 4029153 Fri Oct 13 20:13:54 MDT 2023
| Date         : Thu Mar  7 17:27:15 2024
| Host         : heinecantor-desktop running 64-bit Ubuntu 22.04.3 LTS
| Command      : report_control_sets -verbose -file controlUnit_control_sets_placed.rpt
| Design       : controlUnit
| Device       : xc7a100t
---------------------------------------------------------------------------------------------------------------------------------------------

Control Set Information

Table of Contents
-----------------
1. Summary
2. Histogram
3. Flip-Flop Distribution
4. Detailed Control Set Information

1. Summary
----------

+----------------------------------------------------------+-------+
|                          Status                          | Count |
+----------------------------------------------------------+-------+
| Total control sets                                       |     6 |
|    Minimum number of control sets                        |     6 |
|    Addition due to synthesis replication                 |     0 |
|    Addition due to physical synthesis replication        |     0 |
| Unused register locations in slices containing registers |    24 |
+----------------------------------------------------------+-------+
* Control sets can be merged at opt_design using control_set_merge or merge_equivalent_drivers
** Run report_qor_suggestions for automated merging and remapping suggestions


2. Histogram
------------

+--------------------+-------+
|       Fanout       | Count |
+--------------------+-------+
| Total control sets |     6 |
| >= 0 to < 4        |     2 |
| >= 4 to < 6        |     0 |
| >= 6 to < 8        |     1 |
| >= 8 to < 10       |     1 |
| >= 10 to < 12      |     0 |
| >= 12 to < 14      |     0 |
| >= 14 to < 16      |     0 |
| >= 16              |     2 |
+--------------------+-------+
* Control sets can be remapped at either synth_design or opt_design


3. Flip-Flop Distribution
-------------------------

+--------------+-----------------------+------------------------+-----------------+--------------+
| Clock Enable | Synchronous Set/Reset | Asynchronous Set/Reset | Total Registers | Total Slices |
+--------------+-----------------------+------------------------+-----------------+--------------+
| No           | No                    | No                     |               2 |            1 |
| No           | No                    | Yes                    |               0 |            0 |
| No           | Yes                   | No                     |               6 |            4 |
| Yes          | No                    | No                     |               1 |            1 |
| Yes          | No                    | Yes                    |               0 |            0 |
| Yes          | Yes                   | No                     |              71 |           18 |
+--------------+-----------------------+------------------------+-----------------+--------------+


4. Detailed Control Set Information
-----------------------------------

+----------------------+----------------------------------------+----------------------------------------+------------------+----------------+--------------+
|     Clock Signal     |              Enable Signal             |            Set/Reset Signal            | Slice Load Count | Bel Load Count | Bels / Slice |
+----------------------+----------------------------------------+----------------------------------------+------------------+----------------+--------------+
|  CLK100MHZ_IBUF_BUFG | debouncerMode/CLEARED_BTN__0           |                                        |                1 |              1 |         1.00 |
|  CLK100MHZ_IBUF_BUFG |                                        |                                        |                1 |              2 |         2.00 |
|  CLK100MHZ_IBUF_BUFG |                                        | btnReset_IBUF                          |                4 |              6 |         1.50 |
|  CLK100MHZ_IBUF_BUFG | debouncerInput/E[0]                    | btnReset_IBUF                          |                2 |              9 |         4.50 |
|  CLK100MHZ_IBUF_BUFG | debouncerMode/deb.count[31]_i_2__0_n_0 | debouncerMode/deb.count[31]_i_1__0_n_0 |                8 |             31 |         3.88 |
|  CLK100MHZ_IBUF_BUFG | debouncerInput/deb.count[31]_i_2_n_0   | debouncerInput/deb.count[31]_i_1_n_0   |                8 |             31 |         3.88 |
+----------------------+----------------------------------------+----------------------------------------+------------------+----------------+--------------+


